Starting Dynare (version 4.5.7).
Starting preprocessing of the model file ...
Found 29 equation(s).
Evaluating expressions...done
Computing static model derivatives:
 - order 1
Computing dynamic model derivatives:
 - order 1
Processing outputs ...
done
Preprocessing completed.

                                        First-Order                    Norm of 
 Iteration  Func-count    Residual       optimality      Lambda           step
     0           4        0.297461          0.0363         0.01
     1           8       0.0721386          0.0158        0.001        2.69265
     2          12      0.00227087         0.00269       0.0001        2.64438
     3          16      3.3373e-06        9.59e-05        1e-05        0.76284
     4          20     9.44947e-11           4e-07        1e-06      0.0399561
     5          24     3.59732e-17        2.13e-10        1e-07    0.000240206
     6          28      1.4127e-25        1.28e-14        1e-08    1.50096e-07
     7          32     6.16298e-32         1.4e-17        1e-09    9.41312e-12
     8          36     2.46519e-32        7.76e-18        1e-10    4.43073e-15

<a href = "matlab: helpview('optim','eqn_solved_singular','CSHelpWindow');">Equation solved, solver stalled</a>.

fsolve stopped because the relative <a href = "matlab: helpview('optim','norm_current_step','CSHelpWindow');">size of the current step</a> is less than the
value of the <a href = "matlab: helpview('optim','step_size_tol','CSHelpWindow');">step size tolerance</a> and the vector of function values
is near zero as measured by the value of the <a href = "matlab: helpview('optim','fcn_tolerance_fsolve','CSHelpWindow');">function tolerance</a>.

<<a href = "matlab: createExitMsg({'optim:fsolve:Exit4basicLM','fsolve'},{'optim:fsolve:Exit4detailedLM','fsolve','4.922273e-21','1.000000e-20','2.465190e-32','1.000000e-10'},true,true);;">stopping criteria details</a>>

STEADY-STATE RESULTS:

K   		 39.8572
C   		 3.94215
B   		 0.000587566
NX  		 5.93501e-06
rf  		 0.010101
G   		 0
I   		 1.99286
r   		 0.060101
Y   		 5.93501
N   		 1.64069
T   		 0.85
Y_1 		 1.8946
D_1 		 0.0017051
K_1 		 12.6095
N_1 		 0.536993
W_1 		 2.11691
A_1 		 1
Y_2 		 2.1458
D_2 		 0.0017051
K_2 		 14.6383
N_2 		 0.566701
W_2 		 2.23402
A_2 		 1
Y_3 		 1.8946
D_3 		 0.0017051
K_3 		 12.6095
N_3 		 0.536993
W_3 		 2.11691
A_3 		 1

                                        First-Order                    Norm of 
 Iteration  Func-count    Residual       optimality      Lambda           step
     0           4     2.46519e-32        7.76e-18         0.01

<a href = "matlab: helpview('optim','eqn_solved_singular','CSHelpWindow');">Equation solved, solver stalled</a>.

fsolve stopped because the relative <a href = "matlab: helpview('optim','norm_current_step','CSHelpWindow');">size of the current step</a> is less than the
value of the <a href = "matlab: helpview('optim','step_size_tol','CSHelpWindow');">step size tolerance</a> and the vector of function values
is near zero as measured by the value of the <a href = "matlab: helpview('optim','fcn_tolerance_fsolve','CSHelpWindow');">function tolerance</a>.

<<a href = "matlab: createExitMsg({'optim:fsolve:Exit4basicLM','fsolve'},{'optim:fsolve:Exit4detailedLM','fsolve','4.922273e-21','1.000000e-20','2.465190e-32','1.000000e-10'},true,true);;">stopping criteria details</a>>

EIGENVALUES:
         Modulus             Real        Imaginary

       1.949e-16        1.949e-16                0
             0.9              0.9                0
             0.9              0.9                0
             0.9              0.9                0
             0.9              0.9                0
          0.9373           0.9373                0
            1.01             1.01                0
           1.078            1.078                0
             Inf              Inf                0


There are 3 eigenvalue(s) larger than 1 in modulus 
for 3 forward-looking variable(s)

The rank condition is verified.


                                        First-Order                    Norm of 
 Iteration  Func-count    Residual       optimality      Lambda           step
     0           4        0.254282          0.0336         0.01
     1           8       0.0616445          0.0148        0.001         2.4899
     2          12      0.00186712         0.00249       0.0001        2.44213
     3          16     2.64564e-06        8.57e-05        1e-05       0.696492
     4          20     7.23378e-11        3.51e-07        1e-06      0.0355462
     5          24     2.54781e-17        1.82e-10        1e-07    0.000206343
     6          28     9.19915e-26        1.06e-14        1e-08    1.23692e-07
     7          32     2.46519e-32        4.74e-18        1e-09    7.43675e-12
     8          36      1.2326e-32        6.38e-18        1e-10    3.79036e-15
     9          40               0               0        1e-11    2.23338e-15

<a href = "matlab: helpview('optim','eqn_solved','CSHelpWindow');">Equation solved</a>.

fsolve completed because the vector of function values is near zero
as measured by the value of the <a href = "matlab: helpview('optim','fcn_tolerance_fsolve','CSHelpWindow');">function tolerance</a>, and
the <a href = "matlab: helpview('optim','appears_regular','CSHelpWindow');">problem appears regular</a> as measured by the gradient.

<<a href = "matlab: createExitMsg({'optim:fsolve:Exit1basicLM','fsolve'},{'optim:fsolve:Exit1detailedLM','0.000000e+00','1.000000e-24','0.000000e+00','1.000000e-10'},true,true);;">stopping criteria details</a>>

STEADY-STATE RESULTS:

K   		 39.0263
C   		 3.85999
B   		 0.000575319
NX  		 5.8113e-06
rf  		 0.010101
G   		 0
I   		 1.95132
r   		 0.060101
Y   		 5.8113
N   		 1.64069
T   		 2.45
Y_1 		 1.85559
D_1 		 0.0141659
K_1 		 12.3498
N_1 		 0.537061
W_1 		 2.07305
A_1 		 1
Y_2 		 2.10012
D_2 		 0.0141659
K_2 		 14.3267
N_2 		 0.566572
W_2 		 2.18696
A_2 		 1
Y_3 		 1.85559
D_3 		 0.0141659
K_3 		 12.3498
N_3 		 0.537061
W_3 		 2.07305
A_3 		 1

                                        First-Order                    Norm of 
 Iteration  Func-count    Residual       optimality      Lambda           step
     0           4               0               0         0.01

<a href = "matlab: helpview('optim','eq_init_pt','CSHelpWindow');">Equation solved at initial point</a>.

fsolve completed because the vector of function values at the initial
point is near zero as measured by the value of the <a href = "matlab: helpview('optim','fcn_tolerance_fsolve','CSHelpWindow');">function tolerance</a>,
and the <a href = "matlab: helpview('optim','appears_regular','CSHelpWindow');">problem appears regular</a> as measured by the gradient.

<<a href = "matlab: createExitMsg({'optim:fsolve:Exit100basicLM','fsolve'},{'optim:fsolve:Exit100detailedLM','0.000000e+00','1.000000e-24','0.000000e+00','1.000000e-10'},true,true);;">stopping criteria details</a>>

EIGENVALUES:
         Modulus             Real        Imaginary

       1.399e-16        1.399e-16                0
             0.9              0.9                0
             0.9              0.9                0
             0.9              0.9                0
             0.9              0.9                0
          0.9373           0.9373                0
            1.01             1.01                0
           1.078            1.078                0
       6.906e+19        6.906e+19                0


There are 3 eigenvalue(s) larger than 1 in modulus 
for 3 forward-looking variable(s)

The rank condition is verified.


                                        First-Order                    Norm of 
 Iteration  Func-count    Residual       optimality      Lambda           step
     0           4               0               0         0.01

<a href = "matlab: helpview('optim','eq_init_pt','CSHelpWindow');">Equation solved at initial point</a>.

fsolve completed because the vector of function values at the initial
point is near zero as measured by the value of the <a href = "matlab: helpview('optim','fcn_tolerance_fsolve','CSHelpWindow');">function tolerance</a>,
and the <a href = "matlab: helpview('optim','appears_regular','CSHelpWindow');">problem appears regular</a> as measured by the gradient.

<<a href = "matlab: createExitMsg({'optim:fsolve:Exit100basicLM','fsolve'},{'optim:fsolve:Exit100detailedLM','0.000000e+00','1.000000e-24','0.000000e+00','1.000000e-10'},true,true);;">stopping criteria details</a>>

--------------------------------------------------------
MODEL SIMULATION:

Iter: 1,	 err. = 1.44, 	 time = 0.062
Iter: 2,	 err. = 0.0048937, 	 time = 0.058
Iter: 3,	 err. = 2.4257e-05, 	 time = 0.036
Iter: 4,	 err. = 1.278e-10, 	 time = 0.03

Total time of simulation: 0.393
--------------------------------------------------------

Perfect foresight solution found.

Total computing time : 0h00m01s
